<?xml version="1.0" encoding="UTF-8"?>
<!-- Generated by org.testng.reporters.JUnitReportReporter -->
<testsuite hostname="DESKTOP-FFFERVI" failures="0" tests="1" name="testcases.SearchProduct" time="60.836" errors="0" timestamp="2021-11-10T21:43:16 ICT" skipped="0">
  <testcase classname="testcases.SearchProduct" name="registerTest" time="60.836"/>
  <system-out/>
</testsuite> <!-- testcases.SearchProduct -->
