<?xml version="1.0" encoding="UTF-8"?>
<!-- Generated by org.testng.reporters.JUnitReportReporter -->
<testsuite hostname="DESKTOP-FFFERVI" failures="0" tests="1" name="testcases.Register" time="29.326" errors="0" timestamp="2021-11-10T21:43:58 ICT" skipped="0">
  <testcase classname="testcases.Register" name="registerTest" time="29.326"/>
  <system-out/>
</testsuite> <!-- testcases.Register -->
